generateImageName.py
/home/pi/Scripts/generateImageName.py:13: RuntimeWarning: This channel is already in use, continuing anyway.  Use GPIO.setwarnings(False) to disable warnings.
  GPIO.setup(LedPin, GPIO.OUT)   # Set LedPin's mode is output
opencv
/home/pi/Desktop/2020_1_29_20_13_6.jpg
argv[1]/home/pi/Desktop/2020_1_29_20_13_6.jpg
argc2
sizeof: 18
filename: /home/pi/Desktop/2020_1_29_20_13_6.jpg
Image type: 16
number of channels3
Image type: 0
number of channels1
Image type: 0
number of channels1
rows190columns1115
recognize
0 0 1 2 6 4 5 9
level	page_num	block_num	par_num	line_num	word_num	left	top	width	height	conf	text
1	1	0	0	0	0	0	0	1115	190	-1	
2	1	1	0	0	0	20	0	1084	182	-1	
3	1	1	1	0	0	0	0	1104	182	-1	
4	1	1	1	1	0	20	0	1084	182	-1	
5	1	1	1	1	1	20	8	70	153	96	0
5	1	1	1	1	2	163	16	75	145	95	0
5	1	1	1	1	3	307	0	77	182	80	1
5	1	1	1	1	4	455	0	72	167	94	2
5	1	1	1	1	5	600	0	72	168	96	6
5	1	1	1	1	6	742	0	82	169	96	4
5	1	1	1	1	7	886	0	79	169	96	5
5	1	1	1	1	8	1039	0	65	170	78	9
00126459
126.459
Argument List: /home/pi/Desktop/2020_1_29_20_13_6.jpg
Date
  % Total    % Received % Xferd  Average Speed   Time    Time     Time  Current
                                 Dload  Upload   Total   Spent    Left  Speed
  0     0    0     0    0     0      0      0 --:--:-- --:--:-- --:--:--     0100  3727    0     0  100  3727      0   6788 --:--:-- --:--:-- --:--:--  6788
  % Total    % Received % Xferd  Average Speed   Time    Time     Time  Current
                                 Dload  Upload   Total   Spent    Left  Speed
  0     0    0     0    0     0      0      0 --:--:-- --:--:-- --:--:--     0  0     0    0     0    0     0      0      0 --:--:-- --:--:-- --:--:--     0100  6913    0     0  100  6913      0  24866 --:--:-- --:--:-- --:--:-- 24866
